2026-04-27 20:55:57 [INFO    ] __main__ - Application started
2026-04-27 20:55:57 [INFO    ] __main__ - Starting task: database query
2026-04-27 20:55:58 [INFO    ] __main__ - Task completed: database query
2026-04-27 20:55:58 [INFO    ] __main__ - Starting task: file read
2026-04-27 20:55:58 [INFO    ] __main__ - Task completed: file read
2026-04-27 20:55:58 [INFO    ] __main__ - Starting task: data processing
2026-04-27 20:55:59 [INFO    ] __main__ - Task completed: data processing
2026-04-27 20:55:59 [INFO    ] __main__ - Starting task: cache lookup
2026-04-27 20:55:59 [WARNING ] __main__ - Task completed with issues: cache lookup took longer than expected
2026-04-27 20:55:59 [INFO    ] __main__ - Starting task: API call
2026-04-27 20:56:00 [INFO    ] __main__ - Task completed: API call
2026-04-27 20:56:00 [INFO    ] __main__ - Application finished
2026-04-27 20:56:09 [INFO    ] __main__ - Application started
2026-04-27 20:56:09 [INFO    ] __main__ - Starting task: database query
2026-04-27 20:56:10 [ERROR   ] __main__ - Task failed: database query - connection timeout
2026-04-27 20:56:10 [INFO    ] __main__ - Starting task: file read
2026-04-27 20:56:10 [ERROR   ] __main__ - Task failed: file read - connection timeout
2026-04-27 20:56:10 [INFO    ] __main__ - Starting task: data processing
2026-04-27 20:56:11 [INFO    ] __main__ - Task completed: data processing
2026-04-27 20:56:11 [INFO    ] __main__ - Starting task: cache lookup
2026-04-27 20:56:11 [INFO    ] __main__ - Task completed: cache lookup
2026-04-27 20:56:11 [INFO    ] __main__ - Starting task: API call
2026-04-27 20:56:12 [INFO    ] __main__ - Task completed: API call
2026-04-27 20:56:12 [INFO    ] __main__ - Application finished
